<?xml version="1.0" encoding="UTF-8"?>
<testsuite xmlns:xsi="http://www.w3.org/2001/XMLSchema-instance" xsi:noNamespaceSchemaLocation="https://maven.apache.org/surefire/maven-surefire-plugin/xsd/surefire-test-report.xsd" name="org.velezreyes.quiz.Question6Test" time="0.063" tests="6" errors="0" skipped="0" failures="0">
  <properties>
    <property name="java.specification.version" value="17"/>
    <property name="sun.cpu.isalist" value="amd64"/>
    <property name="sun.jnu.encoding" value="Cp1252"/>
    <property name="java.class.path" value="W:\Users\wicam\Documents\pruebaYuliana\ForkFirstQuizz\part2\target\test-classes;W:\Users\wicam\Documents\pruebaYuliana\ForkFirstQuizz\part2\target\classes;W:\Users\wicam\.m2\repository\org\junit\jupiter\junit-jupiter\5.10.0\junit-jupiter-5.10.0.jar;W:\Users\wicam\.m2\repository\org\junit\jupiter\junit-jupiter-api\5.10.0\junit-jupiter-api-5.10.0.jar;W:\Users\wicam\.m2\repository\org\opentest4j\opentest4j\1.3.0\opentest4j-1.3.0.jar;W:\Users\wicam\.m2\repository\org\junit\platform\junit-platform-commons\1.10.0\junit-platform-commons-1.10.0.jar;W:\Users\wicam\.m2\repository\org\apiguardian\apiguardian-api\1.1.2\apiguardian-api-1.1.2.jar;W:\Users\wicam\.m2\repository\org\junit\jupiter\junit-jupiter-params\5.10.0\junit-jupiter-params-5.10.0.jar;W:\Users\wicam\.m2\repository\org\junit\jupiter\junit-jupiter-engine\5.10.0\junit-jupiter-engine-5.10.0.jar;W:\Users\wicam\.m2\repository\org\junit\platform\junit-platform-engine\1.10.0\junit-platform-engine-1.10.0.jar;"/>
    <property name="java.vm.vendor" value="Oracle Corporation"/>
    <property name="sun.arch.data.model" value="64"/>
    <property name="user.variant" value=""/>
    <property name="java.vendor.url" value="https://java.oracle.com/"/>
    <property name="user.timezone" value="America/Bogota"/>
    <property name="os.name" value="Windows 10"/>
    <property name="java.vm.specification.version" value="17"/>
    <property name="sun.java.launcher" value="SUN_STANDARD"/>
    <property name="user.country" value="US"/>
    <property name="sun.boot.library.path" value="W:\Program Files\Java\jdk-17.0.4.1\bin"/>
    <property name="sun.java.command" value="W:\Users\wicam\AppData\Local\Temp\surefire2138533267837212949\surefirebooter6927918601214128281.jar W:\Users\wicam\AppData\Local\Temp\surefire2138533267837212949 2023-11-02T09-57-00_907-jvmRun1 surefire7616709103491710999tmp surefire_09834768826396883983tmp"/>
    <property name="jdk.debug" value="release"/>
    <property name="surefire.test.class.path" value="W:\Users\wicam\Documents\pruebaYuliana\ForkFirstQuizz\part2\target\test-classes;W:\Users\wicam\Documents\pruebaYuliana\ForkFirstQuizz\part2\target\classes;W:\Users\wicam\.m2\repository\org\junit\jupiter\junit-jupiter\5.10.0\junit-jupiter-5.10.0.jar;W:\Users\wicam\.m2\repository\org\junit\jupiter\junit-jupiter-api\5.10.0\junit-jupiter-api-5.10.0.jar;W:\Users\wicam\.m2\repository\org\opentest4j\opentest4j\1.3.0\opentest4j-1.3.0.jar;W:\Users\wicam\.m2\repository\org\junit\platform\junit-platform-commons\1.10.0\junit-platform-commons-1.10.0.jar;W:\Users\wicam\.m2\repository\org\apiguardian\apiguardian-api\1.1.2\apiguardian-api-1.1.2.jar;W:\Users\wicam\.m2\repository\org\junit\jupiter\junit-jupiter-params\5.10.0\junit-jupiter-params-5.10.0.jar;W:\Users\wicam\.m2\repository\org\junit\jupiter\junit-jupiter-engine\5.10.0\junit-jupiter-engine-5.10.0.jar;W:\Users\wicam\.m2\repository\org\junit\platform\junit-platform-engine\1.10.0\junit-platform-engine-1.10.0.jar;"/>
    <property name="sun.cpu.endian" value="little"/>
    <property name="user.home" value="W:\Users\wicam"/>
    <property name="user.language" value="en"/>
    <property name="java.specification.vendor" value="Oracle Corporation"/>
    <property name="java.version.date" value="2022-08-18"/>
    <property name="java.home" value="W:\Program Files\Java\jdk-17.0.4.1"/>
    <property name="file.separator" value="\"/>
    <property name="basedir" value="W:\Users\wicam\Documents\pruebaYuliana\ForkFirstQuizz\part2"/>
    <property name="java.vm.compressedOopsMode" value="Zero based"/>
    <property name="line.separator" value="&#10;"/>
    <property name="java.vm.specification.vendor" value="Oracle Corporation"/>
    <property name="java.specification.name" value="Java Platform API Specification"/>
    <property name="surefire.real.class.path" value="W:\Users\wicam\AppData\Local\Temp\surefire2138533267837212949\surefirebooter6927918601214128281.jar"/>
    <property name="user.script" value=""/>
    <property name="sun.management.compiler" value="HotSpot 64-Bit Tiered Compilers"/>
    <property name="java.runtime.version" value="17.0.4.1+1-LTS-2"/>
    <property name="user.name" value="wicam"/>
    <property name="path.separator" value=";"/>
    <property name="os.version" value="10.0"/>
    <property name="java.runtime.name" value="Java(TM) SE Runtime Environment"/>
    <property name="file.encoding" value="Cp1252"/>
    <property name="java.vm.name" value="Java HotSpot(TM) 64-Bit Server VM"/>
    <property name="localRepository" value="W:\Users\wicam\.m2\repository"/>
    <property name="java.vendor.url.bug" value="https://bugreport.java.com/bugreport/"/>
    <property name="java.io.tmpdir" value="W:\Users\wicam\AppData\Local\Temp\"/>
    <property name="java.version" value="17.0.4.1"/>
    <property name="user.dir" value="W:\Users\wicam\Documents\pruebaYuliana\ForkFirstQuizz\part2"/>
    <property name="os.arch" value="amd64"/>
    <property name="java.vm.specification.name" value="Java Virtual Machine Specification"/>
    <property name="sun.os.patch.level" value=""/>
    <property name="native.encoding" value="Cp1252"/>
    <property name="java.library.path" value="W:\Program Files\Java\jdk-17.0.4.1\bin;W:\Windows\Sun\Java\bin;W:\Windows\system32;W:\Windows;W:\Program Files\Common Files\Oracle\Java\javapath;W:\Program Files (x86)\Common Files\Oracle\Java\javapath;w:\app\will\product\11.2.0\client_2\bin;W:\app\will\product\11.2.0\client_1\bin;W:\Windows\system32;W:\Windows;W:\Windows\System32\Wbem;W:\Windows\System32\WindowsPowerShell\v1.0\;W:\Windows\System32\OpenSSH\;W:\Program Files\Microsoft SQL Server\130\Tools\Binn\;W:\Program Files\Git\cmd;W:\Program Files (x86)\IBM\Client Access\Shared;W:\Program Files (x86)\IBM\Client Access\;W:\Gradle\gradle-7.3\bin;W:\Program Files\NVIDIA Corporation\NVIDIA NvDLISR;W:\Program Files (x86)\NVIDIA Corporation\PhysX\Common;W:\Program Files\nodejs\;W:\ProgramData\chocolatey\bin;W:\Program Files\Java\jdk-11.0.15\bin;W:\Program Files\Amazon\AWSCLIV2\;W:\Program Files\Amazon\SessionManagerPlugin\bin\;W:\Program Files (x86)\Microsoft SQL Server\150\DTS\Binn\;W:\Program Files\Azure Data Studio\bin;W:\Program Files\Microsoft SQL Server\Client SDK\ODBC\170\Tools\Binn\;W:\Program Files\Microsoft SQL Server\150\Tools\Binn\;W:\Program Files\dotnet\;W:\Program Files\GitHub CLI\;W:\Python310\;W:\Python310\Scripts\;W:\apache-maven-3.9.5\bin;W:\Users\wicam\AppData\Local\Microsoft\WindowsApps;W:\Users\wicam\.dotnet\tools;W:\Program Files\JetBrains\IntelliJ IDEA Community Edition 2021.2.3\bin;;W:\Users\wicam\AppData\Local\Programs\Microsoft VS Code\bin;W:\Users\wicam\AppData\Roaming\npm;W:\Program Files\Azure Data Studio\bin;W:\apache-maven-3.9.5\bin;;."/>
    <property name="java.vm.info" value="mixed mode, sharing"/>
    <property name="java.vendor" value="Oracle Corporation"/>
    <property name="java.vm.version" value="17.0.4.1+1-LTS-2"/>
    <property name="sun.io.unicode.encoding" value="UnicodeLittle"/>
    <property name="java.class.version" value="61.0"/>
  </properties>
  <testcase name="drinkNotFree" classname="org.velezreyes.quiz.Question6Test" time="0.031"/>
  <testcase name="canGetScottColaFor75Cents" classname="org.velezreyes.quiz.Question6Test" time="0"/>
  <testcase name="canCreateVendingMachineInstance" classname="org.velezreyes.quiz.Question6Test" time="0"/>
  <testcase name="canGetKarenTeaForOneDollar" classname="org.velezreyes.quiz.Question6Test" time="0"/>
  <testcase name="machineResets" classname="org.velezreyes.quiz.Question6Test" time="0"/>
  <testcase name="otherDrinksUnknown" classname="org.velezreyes.quiz.Question6Test" time="0"/>
</testsuite>